<?xml version="1.0" encoding="UTF-8"?>
<!-- Generated by org.testng.reporters.JUnitXMLReporter -->
<testsuite ignored="0" hostname="ICT-OSPC-15357PA1" failures="0" tests="1" name="TestPara" time="5.277" errors="0" timestamp="2022-08-25T12:25:18 IST">
  <testcase classname="TestDemo1.TestParaBank" name="@BeforeTest launchBrowser" time="5.237">
    <failure type="java.lang.NoSuchMethodError" message="&amp;apos;org.openqa.selenium.chrome.ChromeOptions org.openqa.selenium.chrome.ChromeOptions.addArguments(java.lang.String[])&amp;apos;">
      <![CDATA[java.lang.NoSuchMethodError: 'org.openqa.selenium.chrome.ChromeOptions org.openqa.selenium.chrome.ChromeOptions.addArguments(java.lang.String[])'
at Base.Browser.openChromeBrowser(Browser.java:17)
at TestDemo1.TestParaBank.launchBrowser(TestParaBank.java:27)
... Removed 22 stack frames]]>
    </failure>
  </testcase> <!-- @BeforeTest launchBrowser -->
  <testcase classname="TestDemo1.TestParaBank" name="@BeforeClass objects" time="-1.661410517974E9">
    <skipped/>
  </testcase> <!-- @BeforeClass objects -->
  <testcase classname="TestDemo1.TestParaBank" name="@BeforeMethod logintoBank" time="-1.661410517982E9">
    <skipped/>
  </testcase> <!-- @BeforeMethod logintoBank -->
  <testcase classname="TestDemo1.TestParaBank" name="varifyTransaction" time="0.0">
    <skipped/>
  </testcase> <!-- varifyTransaction -->
</testsuite> <!-- TestPara -->
