<?xml version="1.0" encoding="UTF-8"?>
<!-- Generated by org.testng.reporters.JUnitXMLReporter -->
<testsuite ignored="0" hostname="ICT-OSPC-15357PA1" failures="0" tests="1" name="Test1" time="7.144" errors="0" timestamp="2022-08-25T22:20:11 IST">
  <testcase classname="TestDemo1.TestParaBank" name="@BeforeClass userLogin" time="0.002">
    <failure type="java.lang.NoSuchMethodError" message="&amp;apos;void org.openqa.selenium.support.PageFactory.initElements(org.openqa.selenium.WebDriver, java.lang.Object)&amp;apos;">
      <![CDATA[java.lang.NoSuchMethodError: 'void org.openqa.selenium.support.PageFactory.initElements(org.openqa.selenium.WebDriver, java.lang.Object)'
at Demo1.login.<init>(login.java:18)
at TestDemo1.TestParaBank.userLogin(TestParaBank.java:39)
at java.base/java.util.ArrayList.forEach(ArrayList.java:1511)
... Removed 23 stack frames]]>
    </failure>
  </testcase> <!-- @BeforeClass userLogin -->
  <testcase classname="TestDemo1.TestParaBank" name="@BeforeMethod logintoBank" time="-1.661446211399E9">
    <skipped/>
  </testcase> <!-- @BeforeMethod logintoBank -->
  <testcase classname="TestDemo1.TestParaBank" name="@AfterMethod logout" time="-1.661446211406E9">
    <skipped/>
  </testcase> <!-- @AfterMethod logout -->
  <testcase classname="TestDemo1.TestParaBank" name="@AfterClass closeObject" time="-1.661446211407E9">
    <skipped/>
  </testcase> <!-- @AfterClass closeObject -->
  <testcase classname="TestDemo1.TestParaBank" name="@AfterTest afterCloseBrowser1" time="-1.66144621141E9">
    <skipped/>
  </testcase> <!-- @AfterTest afterCloseBrowser1 -->
  <testcase classname="TestDemo1.TestParaBank" name="varifyTransaction" time="0.0">
    <skipped/>
  </testcase> <!-- varifyTransaction -->
</testsuite> <!-- Test1 -->
